2026-01-28 18:36:09 [INFO] ============================================================
2026-01-28 18:36:09 [INFO] 실시간 낙상 감지 시스템 초기화 시작
2026-01-28 18:36:09 [INFO] ============================================================
2026-01-28 18:36:09 [INFO] 🤖 모델 로딩 중...
2026-01-28 18:36:10 [INFO] ✅ Random Forest 모델 로드 성공: /home/gjkong/dev_ws/yolo/myproj/models/3class/random_forest_model.pkl
2026-01-28 18:36:10 [INFO] ✅ YOLO Pose 모델 로드 성공
2026-01-28 18:36:10 [INFO] 모델 타입: 3class
2026-01-28 18:36:10 [INFO] 클래스: {0: 'Normal', 1: 'Falling', 2: 'Fallen'}
2026-01-28 18:36:10 [INFO] 버퍼 크기: 30 frames
2026-01-28 18:36:10 [INFO] ✅ Feature 순서 로드: 181개
2026-01-28 18:36:10 [INFO] ✅ 초기화 완료!
2026-01-28 18:36:10 [INFO] ============================================================
2026-01-28 18:36:10 [INFO] ============================================================
2026-01-28 18:36:10 [INFO] 🎥 실시간 낙상 감지 시작
2026-01-28 18:36:10 [INFO] 카메라 ID: 0
2026-01-28 18:36:10 [INFO] 비디오 저장: False
2026-01-28 18:36:10 [INFO] ============================================================
2026-01-28 18:36:10 [INFO] 해상도: 640x480
2026-01-28 18:36:11 [WARNING] ⚠️  Keypoint 부족 (7/17) - 예측 건너뛰기
2026-01-28 18:36:11 [WARNING] ⚠️  Keypoint 부족 (7/17) - 예측 건너뛰기
2026-01-28 18:36:11 [WARNING] ⚠️  Keypoint 부족 (7/17) - 예측 건너뛰기
2026-01-28 18:36:11 [WARNING] ⚠️  Keypoint 부족 (7/17) - 예측 건너뛰기
2026-01-28 18:36:11 [WARNING] ⚠️  Keypoint 부족 (7/17) - 예측 건너뛰기
2026-01-28 18:36:11 [WARNING] ⚠️  Keypoint 부족 (7/17) - 예측 건너뛰기
2026-01-28 18:36:11 [WARNING] ⚠️  Keypoint 부족 (7/17) - 예측 건너뛰기
2026-01-28 18:36:11 [WARNING] ⚠️  Keypoint 부족 (7/17) - 예측 건너뛰기
2026-01-28 18:36:11 [WARNING] ⚠️  Keypoint 부족 (7/17) - 예측 건너뛰기
2026-01-28 18:36:11 [WARNING] ⚠️  Keypoint 부족 (7/17) - 예측 건너뛰기
2026-01-28 18:36:11 [WARNING] ⚠️  Keypoint 부족 (7/17) - 예측 건너뛰기
2026-01-28 18:36:11 [WARNING] ⚠️  Keypoint 부족 (7/17) - 예측 건너뛰기
2026-01-28 18:36:11 [WARNING] ⚠️  Keypoint 부족 (7/17) - 예측 건너뛰기
2026-01-28 18:36:11 [WARNING] ⚠️  Keypoint 부족 (7/17) - 예측 건너뛰기
2026-01-28 18:36:12 [WARNING] ⚠️  Keypoint 부족 (7/17) - 예측 건너뛰기
2026-01-28 18:36:12 [WARNING] ⚠️  Keypoint 부족 (7/17) - 예측 건너뛰기
2026-01-28 18:36:12 [WARNING] ⚠️  Keypoint 부족 (7/17) - 예측 건너뛰기
2026-01-28 18:36:12 [WARNING] ⚠️  Keypoint 부족 (7/17) - 예측 건너뛰기
2026-01-28 18:36:12 [WARNING] ⚠️  Keypoint 부족 (7/17) - 예측 건너뛰기
2026-01-28 18:36:12 [WARNING] ⚠️  Keypoint 부족 (7/17) - 예측 건너뛰기
2026-01-28 18:36:12 [WARNING] ⚠️  Keypoint 부족 (7/17) - 예측 건너뛰기
2026-01-28 18:36:12 [WARNING] ⚠️  Keypoint 부족 (7/17) - 예측 건너뛰기
2026-01-28 18:36:12 [WARNING] ⚠️  Keypoint 부족 (7/17) - 예측 건너뛰기
2026-01-28 18:36:12 [WARNING] ⚠️  Keypoint 부족 (7/17) - 예측 건너뛰기
2026-01-28 18:36:12 [WARNING] ⚠️  Keypoint 부족 (7/17) - 예측 건너뛰기
2026-01-28 18:36:12 [WARNING] ⚠️  Keypoint 부족 (7/17) - 예측 건너뛰기
2026-01-28 18:36:12 [WARNING] ⚠️  Keypoint 부족 (7/17) - 예측 건너뛰기
2026-01-28 18:36:12 [WARNING] ⚠️  Keypoint 부족 (7/17) - 예측 건너뛰기
2026-01-28 18:36:12 [WARNING] ⚠️  Keypoint 부족 (7/17) - 예측 건너뛰기
2026-01-28 18:36:12 [WARNING] ⚠️  Keypoint 부족 (7/17) - 예측 건너뛰기
2026-01-28 18:36:12 [WARNING] ⚠️  Keypoint 부족 (7/17) - 예측 건너뛰기
2026-01-28 18:36:12 [WARNING] ⚠️  Keypoint 부족 (7/17) - 예측 건너뛰기
2026-01-28 18:36:12 [WARNING] ⚠️  Keypoint 부족 (7/17) - 예측 건너뛰기
2026-01-28 18:36:12 [WARNING] ⚠️  Keypoint 부족 (7/17) - 예측 건너뛰기
2026-01-28 18:36:12 [WARNING] ⚠️  Keypoint 부족 (7/17) - 예측 건너뛰기
2026-01-28 18:36:12 [WARNING] ⚠️  Keypoint 부족 (7/17) - 예측 건너뛰기
2026-01-28 18:36:12 [WARNING] ⚠️  Keypoint 부족 (7/17) - 예측 건너뛰기
2026-01-28 18:36:12 [WARNING] ⚠️  Keypoint 부족 (7/17) - 예측 건너뛰기
2026-01-28 18:36:12 [WARNING] ⚠️  Keypoint 부족 (7/17) - 예측 건너뛰기
2026-01-28 18:36:12 [WARNING] ⚠️  Keypoint 부족 (7/17) - 예측 건너뛰기
2026-01-28 18:36:12 [WARNING] ⚠️  Keypoint 부족 (7/17) - 예측 건너뛰기
2026-01-28 18:36:12 [WARNING] ⚠️  Keypoint 부족 (7/17) - 예측 건너뛰기
2026-01-28 18:36:12 [WARNING] ⚠️  Keypoint 부족 (7/17) - 예측 건너뛰기
2026-01-28 18:36:12 [WARNING] ⚠️  Keypoint 부족 (7/17) - 예측 건너뛰기
2026-01-28 18:36:13 [WARNING] ⚠️  Keypoint 부족 (7/17) - 예측 건너뛰기
2026-01-28 18:36:13 [WARNING] ⚠️  Keypoint 부족 (7/17) - 예측 건너뛰기
2026-01-28 18:36:13 [WARNING] ⚠️  Keypoint 부족 (7/17) - 예측 건너뛰기
2026-01-28 18:36:13 [WARNING] ⚠️  Keypoint 부족 (7/17) - 예측 건너뛰기
2026-01-28 18:36:13 [WARNING] ⚠️  Keypoint 부족 (7/17) - 예측 건너뛰기
2026-01-28 18:36:13 [WARNING] ⚠️  Keypoint 부족 (7/17) - 예측 건너뛰기
2026-01-28 18:36:13 [WARNING] ⚠️  Keypoint 부족 (7/17) - 예측 건너뛰기
2026-01-28 18:36:13 [WARNING] ⚠️  Keypoint 부족 (7/17) - 예측 건너뛰기
2026-01-28 18:36:13 [WARNING] ⚠️  Keypoint 부족 (7/17) - 예측 건너뛰기
2026-01-28 18:36:13 [WARNING] ⚠️  Keypoint 부족 (7/17) - 예측 건너뛰기
2026-01-28 18:36:13 [WARNING] ⚠️  Keypoint 부족 (7/17) - 예측 건너뛰기
2026-01-28 18:36:13 [WARNING] ⚠️  Keypoint 부족 (7/17) - 예측 건너뛰기
2026-01-28 18:36:13 [WARNING] ⚠️  핵심 Feature 없음 (hip=0, spine=0) - 예측 건너뛰기
2026-01-28 18:36:13 [WARNING] ⚠️  Keypoint 부족 (7/17) - 예측 건너뛰기
2026-01-28 18:36:13 [WARNING] ⚠️  Keypoint 부족 (7/17) - 예측 건너뛰기
2026-01-28 18:36:13 [WARNING] ⚠️  Keypoint 부족 (7/17) - 예측 건너뛰기
2026-01-28 18:36:13 [WARNING] ⚠️  Keypoint 부족 (7/17) - 예측 건너뛰기
2026-01-28 18:36:13 [WARNING] ⚠️  Keypoint 부족 (7/17) - 예측 건너뛰기
2026-01-28 18:36:13 [WARNING] ⚠️  Keypoint 부족 (7/17) - 예측 건너뛰기
2026-01-28 18:36:13 [WARNING] ⚠️  Keypoint 부족 (7/17) - 예측 건너뛰기
2026-01-28 18:36:13 [WARNING] ⚠️  Keypoint 부족 (7/17) - 예측 건너뛰기
2026-01-28 18:36:13 [WARNING] ⚠️  Keypoint 부족 (7/17) - 예측 건너뛰기
2026-01-28 18:36:13 [WARNING] ⚠️  Keypoint 부족 (7/17) - 예측 건너뛰기
2026-01-28 18:36:13 [WARNING] ⚠️  Keypoint 부족 (7/17) - 예측 건너뛰기
2026-01-28 18:36:13 [WARNING] ⚠️  Keypoint 부족 (7/17) - 예측 건너뛰기
2026-01-28 18:36:13 [WARNING] ⚠️  Keypoint 부족 (7/17) - 예측 건너뛰기
2026-01-28 18:36:13 [WARNING] ⚠️  Keypoint 부족 (7/17) - 예측 건너뛰기
2026-01-28 18:36:13 [WARNING] ⚠️  Keypoint 부족 (7/17) - 예측 건너뛰기
2026-01-28 18:36:13 [WARNING] ⚠️  Keypoint 부족 (7/17) - 예측 건너뛰기
2026-01-28 18:36:13 [WARNING] ⚠️  Keypoint 부족 (7/17) - 예측 건너뛰기
2026-01-28 18:36:13 [WARNING] ⚠️  Keypoint 부족 (7/17) - 예측 건너뛰기
2026-01-28 18:36:14 [WARNING] ⚠️  Keypoint 부족 (7/17) - 예측 건너뛰기
2026-01-28 18:36:14 [WARNING] ⚠️  Keypoint 부족 (7/17) - 예측 건너뛰기
2026-01-28 18:36:14 [WARNING] ⚠️  Keypoint 부족 (7/17) - 예측 건너뛰기
2026-01-28 18:36:14 [WARNING] ⚠️  Keypoint 부족 (7/17) - 예측 건너뛰기
2026-01-28 18:36:14 [WARNING] ⚠️  Keypoint 부족 (7/17) - 예측 건너뛰기
2026-01-28 18:36:14 [WARNING] ⚠️  Keypoint 부족 (7/17) - 예측 건너뛰기
2026-01-28 18:36:14 [WARNING] ⚠️  Keypoint 부족 (7/17) - 예측 건너뛰기
2026-01-28 18:36:14 [WARNING] ⚠️  Keypoint 부족 (7/17) - 예측 건너뛰기
2026-01-28 18:36:14 [WARNING] ⚠️  Keypoint 부족 (7/17) - 예측 건너뛰기
2026-01-28 18:36:14 [WARNING] ⚠️  Keypoint 부족 (7/17) - 예측 건너뛰기
2026-01-28 18:36:14 [WARNING] ⚠️  Keypoint 부족 (7/17) - 예측 건너뛰기
2026-01-28 18:36:14 [WARNING] ⚠️  Keypoint 부족 (7/17) - 예측 건너뛰기
2026-01-28 18:36:14 [WARNING] ⚠️  Keypoint 부족 (7/17) - 예측 건너뛰기
2026-01-28 18:36:14 [WARNING] ⚠️  Keypoint 부족 (7/17) - 예측 건너뛰기
2026-01-28 18:36:14 [WARNING] ⚠️  Keypoint 부족 (7/17) - 예측 건너뛰기
2026-01-28 18:36:14 [WARNING] ⚠️  Keypoint 부족 (7/17) - 예측 건너뛰기
2026-01-28 18:36:14 [WARNING] ⚠️  Keypoint 부족 (7/17) - 예측 건너뛰기
2026-01-28 18:36:14 [WARNING] ⚠️  Keypoint 부족 (7/17) - 예측 건너뛰기
2026-01-28 18:36:14 [WARNING] ⚠️  Keypoint 부족 (7/17) - 예측 건너뛰기
2026-01-28 18:36:14 [WARNING] ⚠️  Keypoint 부족 (7/17) - 예측 건너뛰기
2026-01-28 18:36:14 [WARNING] ⚠️  Keypoint 부족 (7/17) - 예측 건너뛰기
2026-01-28 18:36:14 [WARNING] ⚠️  Keypoint 부족 (7/17) - 예측 건너뛰기
2026-01-28 18:36:14 [WARNING] ⚠️  Keypoint 부족 (7/17) - 예측 건너뛰기
2026-01-28 18:36:14 [WARNING] ⚠️  Keypoint 부족 (7/17) - 예측 건너뛰기
2026-01-28 18:36:14 [WARNING] ⚠️  Keypoint 부족 (7/17) - 예측 건너뛰기
2026-01-28 18:36:14 [WARNING] ⚠️  핵심 Feature 없음 (hip=0, spine=0) - 예측 건너뛰기
2026-01-28 18:36:14 [WARNING] ⚠️  Keypoint 부족 (7/17) - 예측 건너뛰기
2026-01-28 18:36:14 [WARNING] ⚠️  Keypoint 부족 (7/17) - 예측 건너뛰기
2026-01-28 18:36:14 [WARNING] ⚠️  Keypoint 부족 (7/17) - 예측 건너뛰기
2026-01-28 18:36:14 [WARNING] ⚠️  Keypoint 부족 (7/17) - 예측 건너뛰기
2026-01-28 18:36:15 [WARNING] ⚠️  Keypoint 부족 (7/17) - 예측 건너뛰기
2026-01-28 18:36:15 [WARNING] ⚠️  Keypoint 부족 (7/17) - 예측 건너뛰기
2026-01-28 18:36:15 [WARNING] ⚠️  Keypoint 부족 (7/17) - 예측 건너뛰기
2026-01-28 18:36:15 [WARNING] ⚠️  Keypoint 부족 (7/17) - 예측 건너뛰기
2026-01-28 18:36:15 [WARNING] ⚠️  Keypoint 부족 (7/17) - 예측 건너뛰기
2026-01-28 18:36:15 [WARNING] ⚠️  Keypoint 부족 (7/17) - 예측 건너뛰기
2026-01-28 18:36:15 [WARNING] ⚠️  Keypoint 부족 (7/17) - 예측 건너뛰기
2026-01-28 18:36:15 [WARNING] ⚠️  Keypoint 부족 (7/17) - 예측 건너뛰기
2026-01-28 18:36:15 [WARNING] ⚠️  Keypoint 부족 (7/17) - 예측 건너뛰기
2026-01-28 18:36:15 [WARNING] ⚠️  Keypoint 부족 (7/17) - 예측 건너뛰기
2026-01-28 18:36:15 [WARNING] ⚠️  Keypoint 부족 (7/17) - 예측 건너뛰기
2026-01-28 18:36:15 [WARNING] ⚠️  Keypoint 부족 (7/17) - 예측 건너뛰기
2026-01-28 18:36:15 [WARNING] ⚠️  Keypoint 부족 (7/17) - 예측 건너뛰기
2026-01-28 18:36:15 [WARNING] ⚠️  Keypoint 부족 (7/17) - 예측 건너뛰기
2026-01-28 18:36:15 [WARNING] ⚠️  Keypoint 부족 (7/17) - 예측 건너뛰기
2026-01-28 18:36:15 [WARNING] ⚠️  Keypoint 부족 (7/17) - 예측 건너뛰기
2026-01-28 18:36:15 [WARNING] ⚠️  Keypoint 부족 (7/17) - 예측 건너뛰기
2026-01-28 18:36:15 [WARNING] ⚠️  Keypoint 부족 (7/17) - 예측 건너뛰기
2026-01-28 18:36:15 [WARNING] ⚠️  Keypoint 부족 (7/17) - 예측 건너뛰기
2026-01-28 18:36:15 [WARNING] ⚠️  Keypoint 부족 (7/17) - 예측 건너뛰기
2026-01-28 18:36:15 [WARNING] ⚠️  Keypoint 부족 (7/17) - 예측 건너뛰기
2026-01-28 18:36:15 [WARNING] ⚠️  Keypoint 부족 (7/17) - 예측 건너뛰기
2026-01-28 18:36:15 [WARNING] ⚠️  Keypoint 부족 (7/17) - 예측 건너뛰기
2026-01-28 18:36:15 [WARNING] ⚠️  Keypoint 부족 (7/17) - 예측 건너뛰기
2026-01-28 18:36:15 [WARNING] ⚠️  Keypoint 부족 (7/17) - 예측 건너뛰기
2026-01-28 18:36:15 [WARNING] ⚠️  Keypoint 부족 (7/17) - 예측 건너뛰기
2026-01-28 18:36:15 [WARNING] ⚠️  Keypoint 부족 (7/17) - 예측 건너뛰기
2026-01-28 18:36:15 [WARNING] ⚠️  Keypoint 부족 (7/17) - 예측 건너뛰기
2026-01-28 18:36:15 [WARNING] ⚠️  Keypoint 부족 (7/17) - 예측 건너뛰기
2026-01-28 18:36:15 [WARNING] ⚠️  Keypoint 부족 (7/17) - 예측 건너뛰기
2026-01-28 18:36:15 [WARNING] ⚠️  Keypoint 부족 (7/17) - 예측 건너뛰기
2026-01-28 18:36:16 [WARNING] ⚠️  Keypoint 부족 (7/17) - 예측 건너뛰기
2026-01-28 18:36:16 [WARNING] ⚠️  Keypoint 부족 (7/17) - 예측 건너뛰기
2026-01-28 18:36:16 [WARNING] ⚠️  Keypoint 부족 (7/17) - 예측 건너뛰기
2026-01-28 18:36:16 [WARNING] ⚠️  Keypoint 부족 (7/17) - 예측 건너뛰기
2026-01-28 18:36:16 [WARNING] ⚠️  Keypoint 부족 (7/17) - 예측 건너뛰기
2026-01-28 18:36:16 [WARNING] ⚠️  Keypoint 부족 (7/17) - 예측 건너뛰기
2026-01-28 18:36:16 [WARNING] ⚠️  Keypoint 부족 (7/17) - 예측 건너뛰기
2026-01-28 18:36:16 [WARNING] ⚠️  Keypoint 부족 (7/17) - 예측 건너뛰기
2026-01-28 18:36:16 [WARNING] ⚠️  Keypoint 부족 (7/17) - 예측 건너뛰기
2026-01-28 18:36:16 [WARNING] ⚠️  Keypoint 부족 (7/17) - 예측 건너뛰기
2026-01-28 18:36:16 [WARNING] ⚠️  Keypoint 부족 (7/17) - 예측 건너뛰기
2026-01-28 18:36:16 [WARNING] ⚠️  Keypoint 부족 (7/17) - 예측 건너뛰기
2026-01-28 18:36:16 [WARNING] ⚠️  Keypoint 부족 (7/17) - 예측 건너뛰기
2026-01-28 18:36:16 [WARNING] ⚠️  Keypoint 부족 (7/17) - 예측 건너뛰기
2026-01-28 18:36:16 [WARNING] ⚠️  Keypoint 부족 (7/17) - 예측 건너뛰기
2026-01-28 18:36:16 [WARNING] ⚠️  Keypoint 부족 (7/17) - 예측 건너뛰기
2026-01-28 18:36:16 [WARNING] ⚠️  Keypoint 부족 (7/17) - 예측 건너뛰기
2026-01-28 18:36:16 [WARNING] ⚠️  Keypoint 부족 (7/17) - 예측 건너뛰기
2026-01-28 18:36:16 [WARNING] ⚠️  Keypoint 부족 (7/17) - 예측 건너뛰기
2026-01-28 18:36:16 [WARNING] ⚠️  Keypoint 부족 (7/17) - 예측 건너뛰기
2026-01-28 18:36:16 [WARNING] ⚠️  Keypoint 부족 (7/17) - 예측 건너뛰기
2026-01-28 18:36:16 [WARNING] ⚠️  Keypoint 부족 (7/17) - 예측 건너뛰기
2026-01-28 18:36:16 [WARNING] ⚠️  Keypoint 부족 (7/17) - 예측 건너뛰기
2026-01-28 18:36:16 [WARNING] ⚠️  Keypoint 부족 (7/17) - 예측 건너뛰기
2026-01-28 18:36:16 [WARNING] ⚠️  Keypoint 부족 (7/17) - 예측 건너뛰기
2026-01-28 18:36:16 [WARNING] ⚠️  Keypoint 부족 (7/17) - 예측 건너뛰기
2026-01-28 18:36:16 [WARNING] ⚠️  Keypoint 부족 (7/17) - 예측 건너뛰기
2026-01-28 18:36:16 [WARNING] ⚠️  Keypoint 부족 (7/17) - 예측 건너뛰기
2026-01-28 18:36:16 [WARNING] ⚠️  Keypoint 부족 (7/17) - 예측 건너뛰기
2026-01-28 18:36:16 [WARNING] ⚠️  Keypoint 부족 (7/17) - 예측 건너뛰기
2026-01-28 18:36:17 [WARNING] ⚠️  Keypoint 부족 (7/17) - 예측 건너뛰기
2026-01-28 18:36:17 [WARNING] ⚠️  Keypoint 부족 (7/17) - 예측 건너뛰기
2026-01-28 18:36:17 [WARNING] ⚠️  Keypoint 부족 (7/17) - 예측 건너뛰기
2026-01-28 18:36:17 [WARNING] ⚠️  Keypoint 부족 (7/17) - 예측 건너뛰기
2026-01-28 18:36:17 [WARNING] ⚠️  Keypoint 부족 (7/17) - 예측 건너뛰기
2026-01-28 18:36:17 [WARNING] ⚠️  Keypoint 부족 (7/17) - 예측 건너뛰기
2026-01-28 18:36:17 [WARNING] ⚠️  Keypoint 부족 (7/17) - 예측 건너뛰기
2026-01-28 18:36:17 [WARNING] ⚠️  Keypoint 부족 (7/17) - 예측 건너뛰기
2026-01-28 18:36:17 [WARNING] ⚠️  Keypoint 부족 (7/17) - 예측 건너뛰기
2026-01-28 18:36:17 [WARNING] ⚠️  Keypoint 부족 (7/17) - 예측 건너뛰기
2026-01-28 18:36:17 [WARNING] ⚠️  Keypoint 부족 (7/17) - 예측 건너뛰기
2026-01-28 18:36:17 [WARNING] ⚠️  핵심 Feature 없음 (hip=0, spine=0) - 예측 건너뛰기
2026-01-28 18:36:17 [WARNING] ⚠️  Keypoint 부족 (7/17) - 예측 건너뛰기
2026-01-28 18:36:17 [WARNING] ⚠️  Keypoint 부족 (7/17) - 예측 건너뛰기
2026-01-28 18:36:17 [WARNING] ⚠️  Keypoint 부족 (7/17) - 예측 건너뛰기
2026-01-28 18:36:17 [WARNING] ⚠️  Keypoint 부족 (7/17) - 예측 건너뛰기
2026-01-28 18:36:17 [WARNING] ⚠️  핵심 Feature 없음 (hip=0, spine=0) - 예측 건너뛰기
2026-01-28 18:36:17 [WARNING] ⚠️  핵심 Feature 없음 (hip=0, spine=0) - 예측 건너뛰기
2026-01-28 18:36:17 [WARNING] ⚠️  Keypoint 부족 (7/17) - 예측 건너뛰기
2026-01-28 18:36:17 [WARNING] ⚠️  Keypoint 부족 (7/17) - 예측 건너뛰기
2026-01-28 18:36:17 [WARNING] ⚠️  Keypoint 부족 (7/17) - 예측 건너뛰기
2026-01-28 18:36:17 [WARNING] ⚠️  Keypoint 부족 (7/17) - 예측 건너뛰기
2026-01-28 18:36:17 [WARNING] ⚠️  Keypoint 부족 (7/17) - 예측 건너뛰기
2026-01-28 18:36:17 [WARNING] ⚠️  Keypoint 부족 (7/17) - 예측 건너뛰기
2026-01-28 18:36:17 [WARNING] ⚠️  핵심 Feature 없음 (hip=0, spine=0) - 예측 건너뛰기
2026-01-28 18:36:17 [WARNING] ⚠️  핵심 Feature 없음 (hip=0, spine=0) - 예측 건너뛰기
2026-01-28 18:36:17 [WARNING] ⚠️  핵심 Feature 없음 (hip=0, spine=0) - 예측 건너뛰기
2026-01-28 18:36:17 [WARNING] ⚠️  핵심 Feature 없음 (hip=0, spine=0) - 예측 건너뛰기
2026-01-28 18:36:17 [WARNING] ⚠️  Keypoint 부족 (7/17) - 예측 건너뛰기
2026-01-28 18:36:17 [WARNING] ⚠️  Keypoint 부족 (7/17) - 예측 건너뛰기
2026-01-28 18:36:17 [WARNING] ⚠️  Keypoint 부족 (7/17) - 예측 건너뛰기
2026-01-28 18:36:18 [WARNING] ⚠️  Keypoint 부족 (7/17) - 예측 건너뛰기
2026-01-28 18:36:18 [WARNING] ⚠️  Keypoint 부족 (7/17) - 예측 건너뛰기
2026-01-28 18:36:18 [WARNING] ⚠️  Keypoint 부족 (7/17) - 예측 건너뛰기
2026-01-28 18:36:18 [WARNING] ⚠️  Keypoint 부족 (7/17) - 예측 건너뛰기
2026-01-28 18:36:18 [WARNING] ⚠️  Keypoint 부족 (7/17) - 예측 건너뛰기
2026-01-28 18:36:18 [WARNING] ⚠️  Keypoint 부족 (7/17) - 예측 건너뛰기
2026-01-28 18:36:18 [WARNING] ⚠️  Keypoint 부족 (7/17) - 예측 건너뛰기
2026-01-28 18:36:18 [WARNING] ⚠️  Keypoint 부족 (7/17) - 예측 건너뛰기
2026-01-28 18:36:18 [WARNING] ⚠️  Keypoint 부족 (7/17) - 예측 건너뛰기
2026-01-28 18:36:18 [WARNING] ⚠️  Keypoint 부족 (7/17) - 예측 건너뛰기
2026-01-28 18:36:18 [WARNING] ⚠️  Keypoint 부족 (7/17) - 예측 건너뛰기
2026-01-28 18:36:18 [WARNING] ⚠️  Keypoint 부족 (7/17) - 예측 건너뛰기
2026-01-28 18:36:18 [WARNING] ⚠️  Keypoint 부족 (7/17) - 예측 건너뛰기
2026-01-28 18:36:18 [WARNING] ⚠️  Keypoint 부족 (7/17) - 예측 건너뛰기
2026-01-28 18:36:18 [WARNING] ⚠️  Keypoint 부족 (7/17) - 예측 건너뛰기
2026-01-28 18:36:18 [WARNING] ⚠️  Keypoint 부족 (7/17) - 예측 건너뛰기
2026-01-28 18:36:18 [WARNING] ⚠️  Keypoint 부족 (7/17) - 예측 건너뛰기
2026-01-28 18:36:18 [WARNING] ⚠️  Keypoint 부족 (7/17) - 예측 건너뛰기
2026-01-28 18:36:18 [WARNING] ⚠️  Keypoint 부족 (7/17) - 예측 건너뛰기
2026-01-28 18:36:18 [WARNING] ⚠️  Keypoint 부족 (7/17) - 예측 건너뛰기
2026-01-28 18:36:18 [WARNING] ⚠️  Keypoint 부족 (7/17) - 예측 건너뛰기
2026-01-28 18:36:18 [WARNING] ⚠️  Keypoint 부족 (7/17) - 예측 건너뛰기
2026-01-28 18:36:18 [WARNING] ⚠️  Keypoint 부족 (7/17) - 예측 건너뛰기
2026-01-28 18:36:18 [WARNING] ⚠️  Keypoint 부족 (7/17) - 예측 건너뛰기
2026-01-28 18:36:18 [WARNING] ⚠️  Keypoint 부족 (7/17) - 예측 건너뛰기
2026-01-28 18:36:18 [WARNING] ⚠️  Keypoint 부족 (7/17) - 예측 건너뛰기
2026-01-28 18:36:18 [WARNING] ⚠️  Keypoint 부족 (7/17) - 예측 건너뛰기
2026-01-28 18:36:18 [WARNING] ⚠️  Keypoint 부족 (7/17) - 예측 건너뛰기
2026-01-28 18:36:18 [WARNING] ⚠️  Keypoint 부족 (7/17) - 예측 건너뛰기
2026-01-28 18:36:18 [WARNING] ⚠️  Keypoint 부족 (7/17) - 예측 건너뛰기
2026-01-28 18:36:19 [WARNING] ⚠️  Keypoint 부족 (7/17) - 예측 건너뛰기
2026-01-28 18:36:19 [WARNING] ⚠️  Keypoint 부족 (7/17) - 예측 건너뛰기
2026-01-28 18:36:19 [WARNING] ⚠️  Keypoint 부족 (7/17) - 예측 건너뛰기
2026-01-28 18:36:19 [WARNING] ⚠️  Keypoint 부족 (7/17) - 예측 건너뛰기
2026-01-28 18:36:19 [WARNING] ⚠️  Keypoint 부족 (7/17) - 예측 건너뛰기
2026-01-28 18:36:19 [WARNING] ⚠️  Keypoint 부족 (7/17) - 예측 건너뛰기
2026-01-28 18:36:19 [WARNING] ⚠️  Keypoint 부족 (7/17) - 예측 건너뛰기
2026-01-28 18:36:19 [WARNING] ⚠️  Keypoint 부족 (7/17) - 예측 건너뛰기
2026-01-28 18:36:19 [WARNING] ⚠️  Keypoint 부족 (7/17) - 예측 건너뛰기
2026-01-28 18:36:19 [WARNING] ⚠️  Keypoint 부족 (7/17) - 예측 건너뛰기
2026-01-28 18:36:19 [WARNING] ⚠️  Keypoint 부족 (7/17) - 예측 건너뛰기
2026-01-28 18:36:19 [WARNING] ⚠️  Keypoint 부족 (7/17) - 예측 건너뛰기
2026-01-28 18:36:19 [WARNING] ⚠️  Keypoint 부족 (7/17) - 예측 건너뛰기
2026-01-28 18:36:19 [WARNING] ⚠️  Keypoint 부족 (7/17) - 예측 건너뛰기
2026-01-28 18:36:19 [WARNING] ⚠️  Keypoint 부족 (7/17) - 예측 건너뛰기
2026-01-28 18:36:19 [WARNING] ⚠️  Keypoint 부족 (7/17) - 예측 건너뛰기
2026-01-28 18:36:19 [WARNING] ⚠️  Keypoint 부족 (7/17) - 예측 건너뛰기
2026-01-28 18:36:19 [WARNING] ⚠️  Keypoint 부족 (7/17) - 예측 건너뛰기
2026-01-28 18:36:19 [WARNING] ⚠️  Keypoint 부족 (7/17) - 예측 건너뛰기
2026-01-28 18:36:19 [WARNING] ⚠️  Keypoint 부족 (7/17) - 예측 건너뛰기
2026-01-28 18:36:19 [WARNING] ⚠️  Keypoint 부족 (7/17) - 예측 건너뛰기
2026-01-28 18:36:19 [WARNING] ⚠️  Keypoint 부족 (7/17) - 예측 건너뛰기
2026-01-28 18:36:19 [WARNING] ⚠️  Keypoint 부족 (7/17) - 예측 건너뛰기
2026-01-28 18:36:19 [WARNING] ⚠️  Keypoint 부족 (7/17) - 예측 건너뛰기
2026-01-28 18:36:19 [INFO] 사용자 종료 요청
2026-01-28 18:36:19 [INFO] 📊 통계 저장: logs/statistics_20260128_183619.json
2026-01-28 18:36:19 [INFO] ============================================================
2026-01-28 18:36:19 [INFO] ✅ 종료! 총 프레임: 251
2026-01-28 18:36:19 [INFO] 건너뛴 프레임: 251 (100.0%)
2026-01-28 18:36:19 [INFO] 예측 통계: {'Normal': 0, 'Falling': 0, 'Fallen': 0}
2026-01-28 18:36:19 [INFO] 낙상 이벤트: 0회
2026-01-28 18:36:19 [INFO] ============================================================
